Build started 2010-11-10 01:27:47.
     1>Project "C:\Users\hauron\Desktop\Studia\III Semestr\Multimedia i Interfejsy\Modelator\Hraniastoslup\Hraniastoslup.vcxproj" on node 2 (build target(s)).
     1>InitializeBuildStatus:
         Creating "Debug\Hraniastoslup.unsuccessfulbuild" because "AlwaysCreate" was specified.
       ClCompile:
         C:\Program Files\Microsoft Visual Studio 10.0\VC\bin\CL.exe /c /ZI /nologo /W3 /WX- /Od /Oy- /D _MBCS /Gm /EHsc /RTC1 /MDd /GS /fp:precise /Zc:wchar_t /Zc:forScope /Fo"Debug\\" /Fd"Debug\vc100.pdb" /Gd /TP /analyze- /errorReport:prompt hraniastoslup.cpp
         hraniastoslup.cpp
     1>c:\users\hauron\desktop\studia\iii semestr\multimedia i interfejsy\modelator\hraniastoslup\hraniastoslup.cpp(88): warning C4101: 'n' : unreferenced local variable
       Link:
         C:\Program Files\Microsoft Visual Studio 10.0\VC\bin\link.exe /ERRORREPORT:PROMPT /OUT:"C:\Users\hauron\Desktop\Studia\III Semestr\Multimedia i Interfejsy\Modelator\Debug\Hraniastoslup.exe" /NOLOGO kernel32.lib user32.lib gdi32.lib winspool.lib comdlg32.lib advapi32.lib shell32.lib ole32.lib oleaut32.lib uuid.lib odbc32.lib odbccp32.lib /MANIFEST /ManifestFile:"Debug\Hraniastoslup.exe.intermediate.manifest" /MANIFESTUAC:"level='asInvoker' uiAccess='false'" /DEBUG /PDB:"C:\Users\hauron\Desktop\Studia\III Semestr\Multimedia i Interfejsy\Modelator\Debug\Hraniastoslup.pdb" /TLBID:1 /DYNAMICBASE /NXCOMPAT /IMPLIB:"C:\Users\hauron\Desktop\Studia\III Semestr\Multimedia i Interfejsy\Modelator\Debug\Hraniastoslup.lib" /MACHINE:X86 Debug\hraniastoslup.obj
         LINK : C:\Users\hauron\Desktop\Studia\III Semestr\Multimedia i Interfejsy\Modelator\Debug\Hraniastoslup.exe not found or not built by the last incremental link; performing full link
         Hraniastoslup.vcxproj -> C:\Users\hauron\Desktop\Studia\III Semestr\Multimedia i Interfejsy\Modelator\Debug\Hraniastoslup.exe
       Manifest:
         C:\Program Files\Microsoft SDKs\Windows\v7.0A\bin\mt.exe /nologo /verbose /outputresource:"C:\Users\hauron\Desktop\Studia\III Semestr\Multimedia i Interfejsy\Modelator\Debug\Hraniastoslup.exe;#1" /manifest Debug\Hraniastoslup.exe.intermediate.manifest
       FinalizeBuildStatus:
         Deleting file "Debug\Hraniastoslup.unsuccessfulbuild".
         Touching "Debug\Hraniastoslup.lastbuildstate".
     1>Done Building Project "C:\Users\hauron\Desktop\Studia\III Semestr\Multimedia i Interfejsy\Modelator\Hraniastoslup\Hraniastoslup.vcxproj" (build target(s)).

Build succeeded.

Time Elapsed 00:00:04.17
