C:\USERS\HAURON\DESKTOP\STUDIA\III SEMESTR\MULTIMEDIA I INTERFEJSY\MODEL ETI\DEBUG\MODEL ETI.EXE
C:\USERS\HAURON\DESKTOP\STUDIA\III SEMESTR\MULTIMEDIA I INTERFEJSY\MODEL ETI\DEBUG\MODEL ETI.ILK
C:\USERS\HAURON\DESKTOP\STUDIA\III SEMESTR\MULTIMEDIA I INTERFEJSY\MODEL ETI\DEBUG\MODEL ETI.PDB
C:\USERS\HAURON\DESKTOP\STUDIA\III SEMESTR\MULTIMEDIA I INTERFEJSY\MODEL ETI\MODEL ETI\DEBUG\ACTIONS.OBJ
C:\Users\hauron\Desktop\Studia\III Semestr\Multimedia i Interfejsy\Model ETI\Model ETI\Debug\cl.command.1.tlog
C:\Users\hauron\Desktop\Studia\III Semestr\Multimedia i Interfejsy\Model ETI\Model ETI\Debug\CL.read.1.tlog
C:\Users\hauron\Desktop\Studia\III Semestr\Multimedia i Interfejsy\Model ETI\Model ETI\Debug\CL.write.1.tlog
C:\Users\hauron\Desktop\Studia\III Semestr\Multimedia i Interfejsy\Model ETI\Model ETI\Debug\link.command.1.tlog
C:\Users\hauron\Desktop\Studia\III Semestr\Multimedia i Interfejsy\Model ETI\Model ETI\Debug\link.read.1.tlog
C:\Users\hauron\Desktop\Studia\III Semestr\Multimedia i Interfejsy\Model ETI\Model ETI\Debug\link.write.1.tlog
C:\USERS\HAURON\DESKTOP\STUDIA\III SEMESTR\MULTIMEDIA I INTERFEJSY\MODEL ETI\MODEL ETI\DEBUG\MODEL ETI.EXE.INTERMEDIATE.MANIFEST
C:\USERS\HAURON\DESKTOP\STUDIA\III SEMESTR\MULTIMEDIA I INTERFEJSY\MODEL ETI\MODEL ETI\DEBUG\MODELLING.OBJ
C:\Users\hauron\Desktop\Studia\III Semestr\Multimedia i Interfejsy\Model ETI\Model ETI\Debug\mt.command.1.tlog
C:\Users\hauron\Desktop\Studia\III Semestr\Multimedia i Interfejsy\Model ETI\Model ETI\Debug\mt.read.1.tlog
C:\Users\hauron\Desktop\Studia\III Semestr\Multimedia i Interfejsy\Model ETI\Model ETI\Debug\mt.write.1.tlog
C:\USERS\HAURON\DESKTOP\STUDIA\III SEMESTR\MULTIMEDIA I INTERFEJSY\MODEL ETI\MODEL ETI\DEBUG\OPENGL_SYSTEM.OBJ
C:\USERS\HAURON\DESKTOP\STUDIA\III SEMESTR\MULTIMEDIA I INTERFEJSY\MODEL ETI\MODEL ETI\DEBUG\SOUND.OBJ
C:\Users\hauron\Desktop\Studia\III Semestr\Multimedia i Interfejsy\Model ETI\Model ETI\Debug\vc100.idb
C:\USERS\HAURON\DESKTOP\STUDIA\III SEMESTR\MULTIMEDIA I INTERFEJSY\MODEL ETI\MODEL ETI\DEBUG\VC100.PDB
C:\USERS\HAURON\DESKTOP\STUDIA\III SEMESTR\MULTIMEDIA I INTERFEJSY\MODEL ETI\MODEL ETI\DEBUG\WIN_SYSTEM.OBJ
