Build started 2010-10-30 21:02:56.
     1>Project "C:\Users\hauron\Desktop\Studia\III Semestr\Multimedia i Interfejsy\Modelator\FixerLajt\FixerLajt.vcxproj" on node 2 (build target(s)).
     1>InitializeBuildStatus:
         Creating "Debug\FixerLajt.unsuccessfulbuild" because "AlwaysCreate" was specified.
       ClCompile:
         C:\Program Files\Microsoft Visual Studio 10.0\VC\bin\CL.exe /c /ZI /nologo /W3 /WX- /Od /Oy- /D _MBCS /Gm /EHsc /RTC1 /MDd /GS /fp:precise /Zc:wchar_t /Zc:forScope /Fo"Debug\\" /Fd"Debug\vc100.pdb" /Gd /TP /analyze- /errorReport:prompt fixerlajt.cpp
         fixerlajt.cpp
     1>c:\users\hauron\desktop\studia\iii semestr\multimedia i interfejsy\modelator\fixerlajt\fixerlajt.cpp(40): warning C4996: 'fopen': This function or variable may be unsafe. Consider using fopen_s instead. To disable deprecation, use _CRT_SECURE_NO_WARNINGS. See online help for details.
                 c:\program files\microsoft visual studio 10.0\vc\include\stdio.h(234) : see declaration of 'fopen'
     1>c:\users\hauron\desktop\studia\iii semestr\multimedia i interfejsy\modelator\fixerlajt\fixerlajt.cpp(43): warning C4996: 'sscanf': This function or variable may be unsafe. Consider using sscanf_s instead. To disable deprecation, use _CRT_SECURE_NO_WARNINGS. See online help for details.
                 c:\program files\microsoft visual studio 10.0\vc\include\stdio.h(325) : see declaration of 'sscanf'
       Link:
         C:\Program Files\Microsoft Visual Studio 10.0\VC\bin\link.exe /ERRORREPORT:PROMPT /OUT:"C:\Users\hauron\Desktop\Studia\III Semestr\Multimedia i Interfejsy\Modelator\Debug\FixerLajt.exe" /NOLOGO kernel32.lib user32.lib gdi32.lib winspool.lib comdlg32.lib advapi32.lib shell32.lib ole32.lib oleaut32.lib uuid.lib odbc32.lib odbccp32.lib /MANIFEST /ManifestFile:"Debug\FixerLajt.exe.intermediate.manifest" /MANIFESTUAC:"level='asInvoker' uiAccess='false'" /DEBUG /PDB:"C:\Users\hauron\Desktop\Studia\III Semestr\Multimedia i Interfejsy\Modelator\Debug\FixerLajt.pdb" /TLBID:1 /DYNAMICBASE /NXCOMPAT /IMPLIB:"C:\Users\hauron\Desktop\Studia\III Semestr\Multimedia i Interfejsy\Modelator\Debug\FixerLajt.lib" /MACHINE:X86 Debug\fixerlajt.obj
         LINK : C:\Users\hauron\Desktop\Studia\III Semestr\Multimedia i Interfejsy\Modelator\Debug\FixerLajt.exe not found or not built by the last incremental link; performing full link
         FixerLajt.vcxproj -> C:\Users\hauron\Desktop\Studia\III Semestr\Multimedia i Interfejsy\Modelator\Debug\FixerLajt.exe
       Manifest:
         C:\Program Files\Microsoft SDKs\Windows\v7.0A\bin\mt.exe /nologo /verbose /outputresource:"C:\Users\hauron\Desktop\Studia\III Semestr\Multimedia i Interfejsy\Modelator\Debug\FixerLajt.exe;#1" /manifest Debug\FixerLajt.exe.intermediate.manifest
       FinalizeBuildStatus:
         Deleting file "Debug\FixerLajt.unsuccessfulbuild".
         Touching "Debug\FixerLajt.lastbuildstate".
     1>Done Building Project "C:\Users\hauron\Desktop\Studia\III Semestr\Multimedia i Interfejsy\Modelator\FixerLajt\FixerLajt.vcxproj" (build target(s)).

Build succeeded.

Time Elapsed 00:00:02.51
