Build started 2010-10-05 12:20:28.
     1>Project "C:\Users\hauron\Desktop\Studia\III Semestr\Multimedia i Interfejsy\Modelator\Okregowacz\Okregowacz.vcxproj" on node 2 (build target(s)).
     1>InitializeBuildStatus:
         Creating "Debug\Okregowacz.unsuccessfulbuild" because "AlwaysCreate" was specified.
       ClCompile:
         C:\Program Files\Microsoft Visual Studio 10.0\VC\bin\CL.exe /c /ZI /nologo /W3 /WX- /Od /Oy- /D _MBCS /Gm /EHsc /RTC1 /MDd /GS /fp:precise /Zc:wchar_t /Zc:forScope /Fo"Debug\\" /Fd"Debug\vc100.pdb" /Gd /TP /analyze- /errorReport:prompt main.cpp
         main.cpp
     1>c:\users\hauron\desktop\studia\iii semestr\multimedia i interfejsy\modelator\okregowacz\main.cpp(98): warning C4018: '<' : signed/unsigned mismatch
       Link:
         C:\Program Files\Microsoft Visual Studio 10.0\VC\bin\link.exe /ERRORREPORT:PROMPT /OUT:"C:\Users\hauron\Desktop\Studia\III Semestr\Multimedia i Interfejsy\Modelator\Debug\Okregowacz.exe" /NOLOGO kernel32.lib user32.lib gdi32.lib winspool.lib comdlg32.lib advapi32.lib shell32.lib ole32.lib oleaut32.lib uuid.lib odbc32.lib odbccp32.lib /MANIFEST /ManifestFile:"Debug\Okregowacz.exe.intermediate.manifest" /MANIFESTUAC:"level='asInvoker' uiAccess='false'" /DEBUG /PDB:"C:\Users\hauron\Desktop\Studia\III Semestr\Multimedia i Interfejsy\Modelator\Debug\Okregowacz.pdb" /TLBID:1 /DYNAMICBASE /NXCOMPAT /IMPLIB:"C:\Users\hauron\Desktop\Studia\III Semestr\Multimedia i Interfejsy\Modelator\Debug\Okregowacz.lib" /MACHINE:X86 Debug\main.obj
         LINK : C:\Users\hauron\Desktop\Studia\III Semestr\Multimedia i Interfejsy\Modelator\Debug\Okregowacz.exe not found or not built by the last incremental link; performing full link
         Okregowacz.vcxproj -> C:\Users\hauron\Desktop\Studia\III Semestr\Multimedia i Interfejsy\Modelator\Debug\Okregowacz.exe
       Manifest:
         C:\Program Files\Microsoft SDKs\Windows\v7.0A\bin\mt.exe /nologo /verbose /outputresource:"C:\Users\hauron\Desktop\Studia\III Semestr\Multimedia i Interfejsy\Modelator\Debug\Okregowacz.exe;#1" /manifest Debug\Okregowacz.exe.intermediate.manifest
       FinalizeBuildStatus:
         Deleting file "Debug\Okregowacz.unsuccessfulbuild".
         Touching "Debug\Okregowacz.lastbuildstate".
     1>Done Building Project "C:\Users\hauron\Desktop\Studia\III Semestr\Multimedia i Interfejsy\Modelator\Okregowacz\Okregowacz.vcxproj" (build target(s)).

Build succeeded.

Time Elapsed 00:00:01.79
